# JRE version: Java(TM) SE Runtime Environment (8.0_261-b12) (build 1.8.0_261-b12)
# Java VM: Java HotSpot(TM) 64-Bit Server VM (25.261-b12 mixed mode windows-amd64 compressed oops)
Heap:
 PSYoungGen      total 546304K, used 414698K [0x0000000780000000, 0x00000007a7580000, 0x00000007c0000000)
  eden space 479744K, 86% used [0x0000000780000000,0x00000007994fa8b8,0x000000079d480000)
  from space 66560K, 0% used [0x000000079d480000,0x000000079d480000,0x00000007a1580000)
  to   space 38912K, 0% used [0x00000007a1580000,0x00000007a1580000,0x00000007a3b80000)
 ParOldGen       total 424448K, used 115379K [0x0000000700000000, 0x0000000719e80000, 0x0000000780000000)
  object space 424448K, 27% used [0x0000000700000000,0x00000007070acc58,0x0000000719e80000)
 Metaspace       used 126187K, capacity 132800K, committed 132864K, reserved 1165312K
  class space    used 16624K, capacity 17904K, committed 17920K, reserved 1048576K
GC Heap History (10 events):
Event: 15.910 GC heap before
{Heap before GC invocations=19 (full 4):
 PSYoungGen      total 403968K, used 363520K [0x0000000780000000, 0x000000079e500000, 0x00000007c0000000)
  eden space 363520K, 100% used [0x0000000780000000,0x0000000796300000,0x0000000796300000)
  from space 40448K, 0% used [0x0000000798b00000,0x0000000798b00000,0x000000079b280000)
  to   space 40960K, 0% used [0x0000000796300000,0x0000000796300000,0x0000000798b00000)
 ParOldGen       total 291840K, used 91406K [0x0000000700000000, 0x0000000711d00000, 0x0000000780000000)
  object space 291840K, 31% used [0x0000000700000000,0x0000000705943b08,0x0000000711d00000)
 Metaspace       used 98030K, capacity 103458K, committed 103936K, reserved 1138688K
  class space    used 13602K, capacity 14626K, committed 14848K, reserved 1048576K
Event: 15.929 GC heap after
Heap after GC invocations=19 (full 4):
 PSYoungGen      total 404480K, used 17483K [0x0000000780000000, 0x00000007a3b80000, 0x00000007c0000000)
  eden space 363520K, 0% used [0x0000000780000000,0x0000000780000000,0x0000000796300000)
  from space 40960K, 42% used [0x0000000796300000,0x0000000797412d00,0x0000000798b00000)
  to   space 38912K, 0% used [0x00000007a1580000,0x00000007a1580000,0x00000007a3b80000)
 ParOldGen       total 291840K, used 91414K [0x0000000700000000, 0x0000000711d00000, 0x0000000780000000)
  object space 291840K, 31% used [0x0000000700000000,0x0000000705945b08,0x0000000711d00000)
 Metaspace       used 98030K, capacity 103458K, committed 103936K, reserved 1138688K
  class space    used 13602K, capacity 14626K, committed 14848K, reserved 1048576K
}
Event: 17.154 GC heap before
{Heap before GC invocations=20 (full 4):
 PSYoungGen      total 404480K, used 381003K [0x0000000780000000, 0x00000007a3b80000, 0x00000007c0000000)
  eden space 363520K, 100% used [0x0000000780000000,0x0000000796300000,0x0000000796300000)
  from space 40960K, 42% used [0x0000000796300000,0x0000000797412d00,0x0000000798b00000)
  to   space 38912K, 0% used [0x00000007a1580000,0x00000007a1580000,0x00000007a3b80000)
 ParOldGen       total 291840K, used 91414K [0x0000000700000000, 0x0000000711d00000, 0x0000000780000000)
  object space 291840K, 31% used [0x0000000700000000,0x0000000705945b08,0x0000000711d00000)
 Metaspace       used 105396K, capacity 111180K, committed 111360K, reserved 1144832K
  class space    used 14377K, capacity 15517K, committed 15616K, reserved 1048576K
Event: 17.230 GC heap after
Heap after GC invocations=20 (full 4):
 PSYoungGen      total 518656K, used 38901K [0x0000000780000000, 0x00000007a7580000, 0x00000007c0000000)
  eden space 479744K, 0% used [0x0000000780000000,0x0000000780000000,0x000000079d480000)
  from space 38912K, 99% used [0x00000007a1580000,0x00000007a3b7d698,0x00000007a3b80000)
  to   space 66560K, 0% used [0x000000079d480000,0x000000079d480000,0x00000007a1580000)
 ParOldGen       total 291840K, used 149670K [0x0000000700000000, 0x0000000711d00000, 0x0000000780000000)
  object space 291840K, 51% used [0x0000000700000000,0x00000007092299c8,0x0000000711d00000)
 Metaspace       used 105396K, capacity 111180K, committed 111360K, reserved 1144832K
  class space    used 14377K, capacity 15517K, committed 15616K, reserved 1048576K
}
Event: 18.661 GC heap before
{Heap before GC invocations=21 (full 4):
 PSYoungGen      total 518656K, used 518645K [0x0000000780000000, 0x00000007a7580000, 0x00000007c0000000)
  eden space 479744K, 100% used [0x0000000780000000,0x000000079d480000,0x000000079d480000)
  from space 38912K, 99% used [0x00000007a1580000,0x00000007a3b7d698,0x00000007a3b80000)
  to   space 66560K, 0% used [0x000000079d480000,0x000000079d480000,0x00000007a1580000)
 ParOldGen       total 291840K, used 149670K [0x0000000700000000, 0x0000000711d00000, 0x0000000780000000)
  object space 291840K, 51% used [0x0000000700000000,0x00000007092299c8,0x0000000711d00000)
 Metaspace       used 115564K, capacity 121412K, committed 121728K, reserved 1155072K
  class space    used 15436K, capacity 16649K, committed 16768K, reserved 1048576K
Event: 18.755 GC heap after
Heap after GC invocations=21 (full 4):
 PSYoungGen      total 546304K, used 66538K [0x0000000780000000, 0x00000007a7580000, 0x00000007c0000000)
  eden space 479744K, 0% used [0x0000000780000000,0x0000000780000000,0x000000079d480000)
  from space 66560K, 99% used [0x000000079d480000,0x00000007a157aba0,0x00000007a1580000)
  to   space 38912K, 0% used [0x00000007a1580000,0x00000007a1580000,0x00000007a3b80000)
 ParOldGen       total 291840K, used 231195K [0x0000000700000000, 0x0000000711d00000, 0x0000000780000000)
  object space 291840K, 79% used [0x0000000700000000,0x000000070e1c6f08,0x0000000711d00000)
 Metaspace       used 115564K, capacity 121412K, committed 121728K, reserved 1155072K
  class space    used 15436K, capacity 16649K, committed 16768K, reserved 1048576K
}
Event: 18.755 GC heap before
{Heap before GC invocations=22 (full 5):
 PSYoungGen      total 546304K, used 66538K [0x0000000780000000, 0x00000007a7580000, 0x00000007c0000000)
  eden space 479744K, 0% used [0x0000000780000000,0x0000000780000000,0x000000079d480000)
  from space 66560K, 99% used [0x000000079d480000,0x00000007a157aba0,0x00000007a1580000)
  to   space 38912K, 0% used [0x00000007a1580000,0x00000007a1580000,0x00000007a3b80000)
 ParOldGen       total 291840K, used 231195K [0x0000000700000000, 0x0000000711d00000, 0x0000000780000000)
  object space 291840K, 79% used [0x0000000700000000,0x000000070e1c6f08,0x0000000711d00000)
 Metaspace       used 115564K, capacity 121412K, committed 121728K, reserved 1155072K
  class space    used 15436K, capacity 16649K, committed 16768K, reserved 1048576K
Event: 19.150 GC heap after
Heap after GC invocations=22 (full 5):
 PSYoungGen      total 546304K, used 0K [0x0000000780000000, 0x00000007a7580000, 0x00000007c0000000)
  eden space 479744K, 0% used [0x0000000780000000,0x0000000780000000,0x000000079d480000)
  from space 66560K, 0% used [0x000000079d480000,0x000000079d480000,0x00000007a1580000)
  to   space 38912K, 0% used [0x00000007a1580000,0x00000007a1580000,0x00000007a3b80000)
 ParOldGen       total 291840K, used 248269K [0x0000000700000000, 0x0000000711d00000, 0x0000000780000000)
  object space 291840K, 85% used [0x0000000700000000,0x000000070f273798,0x0000000711d00000)
 Metaspace       used 115532K, capacity 121330K, committed 121728K, reserved 1155072K
  class space    used 15424K, capacity 16628K, committed 16768K, reserved 1048576K
}
Event: 21.269 GC heap before
{Heap before GC invocations=23 (full 6):
 PSYoungGen      total 546304K, used 479744K [0x0000000780000000, 0x00000007a7580000, 0x00000007c0000000)
  eden space 479744K, 100% used [0x0000000780000000,0x000000079d480000,0x000000079d480000)
  from space 66560K, 0% used [0x000000079d480000,0x000000079d480000,0x00000007a1580000)
  to   space 38912K, 0% used [0x00000007a1580000,0x00000007a1580000,0x00000007a3b80000)
 ParOldGen       total 291840K, used 248269K [0x0000000700000000, 0x0000000711d00000, 0x0000000780000000)
  object space 291840K, 85% used [0x0000000700000000,0x000000070f273798,0x0000000711d00000)
 Metaspace       used 117835K, capacity 123848K, committed 123904K, reserved 1157120K
  class space    used 15679K, capacity 16869K, committed 16896K, reserved 1048576K
Event: 21.392 GC heap after
Heap after GC invocations=23 (full 6):
 PSYoungGen      total 546304K, used 0K [0x0000000780000000, 0x00000007a7580000, 0x00000007c0000000)
  eden space 479744K, 0% used [0x0000000780000000,0x0000000780000000,0x000000079d480000)
  from space 66560K, 0% used [0x000000079d480000,0x000000079d480000,0x00000007a1580000)
  to   space 38912K, 0% used [0x00000007a1580000,0x00000007a1580000,0x00000007a3b80000)
 ParOldGen       total 424448K, used 115379K [0x0000000700000000, 0x0000000719e80000, 0x0000000780000000)
  object space 424448K, 27% used [0x0000000700000000,0x00000007070acc58,0x0000000719e80000)
 Metaspace       used 117808K, capacity 123768K, committed 123904K, reserved 1157120K
  class space    used 15669K, capacity 16853K, committed 16896K, reserved 1048576K
}

