# JRE version: Java(TM) SE Runtime Environment (8.0_261-b12) (build 1.8.0_261-b12)
# Java VM: Java HotSpot(TM) 64-Bit Server VM (25.261-b12 mixed mode windows-amd64 compressed oops)
Heap:
 PSYoungGen      total 869376K, used 432700K [0x0000000780000000, 0x00000007bfa80000, 0x00000007c0000000)
  eden space 721408K, 39% used [0x0000000780000000,0x0000000791613708,0x00000007ac080000)
  from space 147968K, 99% used [0x00000007b6a00000,0x00000007bfa7bcc0,0x00000007bfa80000)
  to   space 155648K, 0% used [0x00000007ac080000,0x00000007ac080000,0x00000007b5880000)
 ParOldGen       total 422400K, used 335140K [0x0000000700000000, 0x0000000719c80000, 0x0000000780000000)
  object space 422400K, 79% used [0x0000000700000000,0x0000000714749080,0x0000000719c80000)
 Metaspace       used 221688K, capacity 233738K, committed 234096K, reserved 1253376K
  class space    used 27013K, capacity 29241K, committed 29352K, reserved 1048576K
GC Heap History (10 events):
Event: 8098.073 GC heap before
{Heap before GC invocations=40 (full 6):
 PSYoungGen      total 855040K, used 700766K [0x0000000780000000, 0x00000007c0000000, 0x00000007c0000000)
  eden space 678400K, 99% used [0x0000000780000000,0x00000007a95d1630,0x00000007a9680000)
  from space 176640K, 13% used [0x00000007a9680000,0x00000007aad063e8,0x00000007b4300000)
  to   space 173568K, 0% used [0x00000007b5680000,0x00000007b5680000,0x00000007c0000000)
 ParOldGen       total 422400K, used 320851K [0x0000000700000000, 0x0000000719c80000, 0x0000000780000000)
  object space 422400K, 75% used [0x0000000700000000,0x0000000713954fd0,0x0000000719c80000)
 Metaspace       used 212621K, capacity 224290K, committed 224496K, reserved 1245184K
  class space    used 26035K, capacity 28147K, committed 28200K, reserved 1048576K
Event: 8098.094 GC heap after
Heap after GC invocations=40 (full 6):
 PSYoungGen      total 854528K, used 41800K [0x0000000780000000, 0x00000007bef00000, 0x00000007c0000000)
  eden space 698368K, 0% used [0x0000000780000000,0x0000000780000000,0x00000007aaa00000)
  from space 156160K, 26% used [0x00000007b5680000,0x00000007b7f52150,0x00000007bef00000)
  to   space 166400K, 0% used [0x00000007aaa00000,0x00000007aaa00000,0x00000007b4c80000)
 ParOldGen       total 422400K, used 320859K [0x0000000700000000, 0x0000000719c80000, 0x0000000780000000)
  object space 422400K, 75% used [0x0000000700000000,0x0000000713956fd0,0x0000000719c80000)
 Metaspace       used 212621K, capacity 224290K, committed 224496K, reserved 1245184K
  class space    used 26035K, capacity 28147K, committed 28200K, reserved 1048576K
}
Event: 8239.849 GC heap before
{Heap before GC invocations=41 (full 6):
 PSYoungGen      total 854528K, used 740168K [0x0000000780000000, 0x00000007bef00000, 0x00000007c0000000)
  eden space 698368K, 100% used [0x0000000780000000,0x00000007aaa00000,0x00000007aaa00000)
  from space 156160K, 26% used [0x00000007b5680000,0x00000007b7f52150,0x00000007bef00000)
  to   space 166400K, 0% used [0x00000007aaa00000,0x00000007aaa00000,0x00000007b4c80000)
 ParOldGen       total 422400K, used 320859K [0x0000000700000000, 0x0000000719c80000, 0x0000000780000000)
  object space 422400K, 75% used [0x0000000700000000,0x0000000713956fd0,0x0000000719c80000)
 Metaspace       used 213099K, capacity 224814K, committed 225136K, reserved 1247232K
  class space    used 26069K, capacity 28203K, committed 28328K, reserved 1048576K
Event: 8239.871 GC heap after
Heap after GC invocations=41 (full 6):
 PSYoungGen      total 864768K, used 31117K [0x0000000780000000, 0x00000007bff00000, 0x00000007c0000000)
  eden space 698368K, 0% used [0x0000000780000000,0x0000000780000000,0x00000007aaa00000)
  from space 166400K, 18% used [0x00000007aaa00000,0x00000007ac8635b0,0x00000007b4c80000)
  to   space 160768K, 0% used [0x00000007b6200000,0x00000007b6200000,0x00000007bff00000)
 ParOldGen       total 422400K, used 320867K [0x0000000700000000, 0x0000000719c80000, 0x0000000780000000)
  object space 422400K, 75% used [0x0000000700000000,0x0000000713958fd0,0x0000000719c80000)
 Metaspace       used 213099K, capacity 224814K, committed 225136K, reserved 1247232K
  class space    used 26069K, capacity 28203K, committed 28328K, reserved 1048576K
}
Event: 8469.894 GC heap before
{Heap before GC invocations=42 (full 6):
 PSYoungGen      total 864768K, used 729485K [0x0000000780000000, 0x00000007bff00000, 0x00000007c0000000)
  eden space 698368K, 100% used [0x0000000780000000,0x00000007aaa00000,0x00000007aaa00000)
  from space 166400K, 18% used [0x00000007aaa00000,0x00000007ac8635b0,0x00000007b4c80000)
  to   space 160768K, 0% used [0x00000007b6200000,0x00000007b6200000,0x00000007bff00000)
 ParOldGen       total 422400K, used 320867K [0x0000000700000000, 0x0000000719c80000, 0x0000000780000000)
  object space 422400K, 75% used [0x0000000700000000,0x0000000713958fd0,0x0000000719c80000)
 Metaspace       used 220054K, capacity 231850K, committed 232048K, reserved 1253376K
  class space    used 26849K, capacity 29009K, committed 29096K, reserved 1048576K
Event: 8469.920 GC heap after
Heap after GC invocations=42 (full 6):
 PSYoungGen      total 867328K, used 29751K [0x0000000780000000, 0x00000007bf080000, 0x00000007c0000000)
  eden space 721408K, 0% used [0x0000000780000000,0x0000000780000000,0x00000007ac080000)
  from space 145920K, 20% used [0x00000007b6200000,0x00000007b7f0de08,0x00000007bf080000)
  to   space 155648K, 0% used [0x00000007ac080000,0x00000007ac080000,0x00000007b5880000)
 ParOldGen       total 422400K, used 320875K [0x0000000700000000, 0x0000000719c80000, 0x0000000780000000)
  object space 422400K, 75% used [0x0000000700000000,0x000000071395afd0,0x0000000719c80000)
 Metaspace       used 220054K, capacity 231850K, committed 232048K, reserved 1253376K
  class space    used 26849K, capacity 29009K, committed 29096K, reserved 1048576K
}
Event: 8471.976 GC heap before
{Heap before GC invocations=43 (full 6):
 PSYoungGen      total 867328K, used 751159K [0x0000000780000000, 0x00000007bf080000, 0x00000007c0000000)
  eden space 721408K, 100% used [0x0000000780000000,0x00000007ac080000,0x00000007ac080000)
  from space 145920K, 20% used [0x00000007b6200000,0x00000007b7f0de08,0x00000007bf080000)
  to   space 155648K, 0% used [0x00000007ac080000,0x00000007ac080000,0x00000007b5880000)
 ParOldGen       total 422400K, used 320875K [0x0000000700000000, 0x0000000719c80000, 0x0000000780000000)
  object space 422400K, 75% used [0x0000000700000000,0x000000071395afd0,0x0000000719c80000)
 Metaspace       used 221487K, capacity 233474K, committed 233712K, reserved 1253376K
  class space    used 26990K, capacity 29187K, committed 29224K, reserved 1048576K
Event: 8472.043 GC heap after
Heap after GC invocations=43 (full 6):
 PSYoungGen      total 877056K, used 62421K [0x0000000780000000, 0x00000007bfa80000, 0x00000007c0000000)
  eden space 721408K, 0% used [0x0000000780000000,0x0000000780000000,0x00000007ac080000)
  from space 155648K, 40% used [0x00000007ac080000,0x00000007afd75788,0x00000007b5880000)
  to   space 147968K, 0% used [0x00000007b6a00000,0x00000007b6a00000,0x00000007bfa80000)
 ParOldGen       total 422400K, used 320883K [0x0000000700000000, 0x0000000719c80000, 0x0000000780000000)
  object space 422400K, 75% used [0x0000000700000000,0x000000071395cfd0,0x0000000719c80000)
 Metaspace       used 221487K, capacity 233474K, committed 233712K, reserved 1253376K
  class space    used 26990K, capacity 29187K, committed 29224K, reserved 1048576K
}
Event: 8473.926 GC heap before
{Heap before GC invocations=44 (full 6):
 PSYoungGen      total 877056K, used 783829K [0x0000000780000000, 0x00000007bfa80000, 0x00000007c0000000)
  eden space 721408K, 100% used [0x0000000780000000,0x00000007ac080000,0x00000007ac080000)
  from space 155648K, 40% used [0x00000007ac080000,0x00000007afd75788,0x00000007b5880000)
  to   space 147968K, 0% used [0x00000007b6a00000,0x00000007b6a00000,0x00000007bfa80000)
 ParOldGen       total 422400K, used 320883K [0x0000000700000000, 0x0000000719c80000, 0x0000000780000000)
  object space 422400K, 75% used [0x0000000700000000,0x000000071395cfd0,0x0000000719c80000)
 Metaspace       used 221586K, capacity 233590K, committed 233712K, reserved 1253376K
  class space    used 26996K, capacity 29193K, committed 29224K, reserved 1048576K
Event: 8474.049 GC heap after
Heap after GC invocations=44 (full 6):
 PSYoungGen      total 869376K, used 147951K [0x0000000780000000, 0x00000007bfa80000, 0x00000007c0000000)
  eden space 721408K, 0% used [0x0000000780000000,0x0000000780000000,0x00000007ac080000)
  from space 147968K, 99% used [0x00000007b6a00000,0x00000007bfa7bcc0,0x00000007bfa80000)
  to   space 155648K, 0% used [0x00000007ac080000,0x00000007ac080000,0x00000007b5880000)
 ParOldGen       total 422400K, used 335140K [0x0000000700000000, 0x0000000719c80000, 0x0000000780000000)
  object space 422400K, 79% used [0x0000000700000000,0x0000000714749080,0x0000000719c80000)
 Metaspace       used 221586K, capacity 233590K, committed 233712K, reserved 1253376K
  class space    used 26996K, capacity 29193K, committed 29224K, reserved 1048576K
}

