# JRE version: Java(TM) SE Runtime Environment (8.0_261-b12) (build 1.8.0_261-b12)
# Java VM: Java HotSpot(TM) 64-Bit Server VM (25.261-b12 mixed mode windows-amd64 compressed oops)
Heap:
 PSYoungGen      total 126464K, used 48637K [0x0000000780000000, 0x0000000788a00000, 0x00000007c0000000)
  eden space 113664K, 31% used [0x0000000780000000,0x0000000782301240,0x0000000786f00000)
  from space 12800K, 99% used [0x0000000786f00000,0x0000000787b7e478,0x0000000787b80000)
  to   space 12800K, 0% used [0x0000000787b80000,0x0000000787b80000,0x0000000788800000)
 ParOldGen       total 120832K, used 18859K [0x0000000700000000, 0x0000000707600000, 0x0000000780000000)
  object space 120832K, 15% used [0x0000000700000000,0x000000070126aca8,0x0000000707600000)
 Metaspace       used 49134K, capacity 51338K, committed 51456K, reserved 1093632K
  class space    used 6986K, capacity 7403K, committed 7424K, reserved 1048576K
GC Heap History (10 events):
Event: 7.954 GC heap before
{Heap before GC invocations=7 (full 1):
 PSYoungGen      total 75776K, used 72874K [0x0000000780000000, 0x0000000788800000, 0x00000007c0000000)
  eden space 65024K, 100% used [0x0000000780000000,0x0000000783f80000,0x0000000783f80000)
  from space 10752K, 73% used [0x0000000783f80000,0x000000078472a9e0,0x0000000784a00000)
  to   space 12800K, 0% used [0x0000000787b80000,0x0000000787b80000,0x0000000788800000)
 ParOldGen       total 87040K, used 7146K [0x0000000700000000, 0x0000000705500000, 0x0000000780000000)
  object space 87040K, 8% used [0x0000000700000000,0x00000007006fa968,0x0000000705500000)
 Metaspace       used 32374K, capacity 33520K, committed 33792K, reserved 1079296K
  class space    used 4505K, capacity 4779K, committed 4864K, reserved 1048576K
Event: 7.962 GC heap after
Heap after GC invocations=7 (full 1):
 PSYoungGen      total 126464K, used 9969K [0x0000000780000000, 0x0000000788a00000, 0x00000007c0000000)
  eden space 113664K, 0% used [0x0000000780000000,0x0000000780000000,0x0000000786f00000)
  from space 12800K, 77% used [0x0000000787b80000,0x000000078853c590,0x0000000788800000)
  to   space 12800K, 0% used [0x0000000786f00000,0x0000000786f00000,0x0000000787b80000)
 ParOldGen       total 87040K, used 7154K [0x0000000700000000, 0x0000000705500000, 0x0000000780000000)
  object space 87040K, 8% used [0x0000000700000000,0x00000007006fc968,0x0000000705500000)
 Metaspace       used 32374K, capacity 33520K, committed 33792K, reserved 1079296K
  class space    used 4505K, capacity 4779K, committed 4864K, reserved 1048576K
}
Event: 8.144 GC heap before
{Heap before GC invocations=8 (full 1):
 PSYoungGen      total 126464K, used 35732K [0x0000000780000000, 0x0000000788a00000, 0x00000007c0000000)
  eden space 113664K, 22% used [0x0000000780000000,0x0000000781928e28,0x0000000786f00000)
  from space 12800K, 77% used [0x0000000787b80000,0x000000078853c590,0x0000000788800000)
  to   space 12800K, 0% used [0x0000000786f00000,0x0000000786f00000,0x0000000787b80000)
 ParOldGen       total 87040K, used 7154K [0x0000000700000000, 0x0000000705500000, 0x0000000780000000)
  object space 87040K, 8% used [0x0000000700000000,0x00000007006fc968,0x0000000705500000)
 Metaspace       used 34230K, capacity 35422K, committed 35496K, reserved 1079296K
  class space    used 4767K, capacity 5063K, committed 5120K, reserved 1048576K
Event: 8.149 GC heap after
Heap after GC invocations=8 (full 1):
 PSYoungGen      total 126464K, used 9397K [0x0000000780000000, 0x0000000788a00000, 0x00000007c0000000)
  eden space 113664K, 0% used [0x0000000780000000,0x0000000780000000,0x0000000786f00000)
  from space 12800K, 73% used [0x0000000786f00000,0x000000078782d5c0,0x0000000787b80000)
  to   space 12800K, 0% used [0x0000000787b80000,0x0000000787b80000,0x0000000788800000)
 ParOldGen       total 87040K, used 7162K [0x0000000700000000, 0x0000000705500000, 0x0000000780000000)
  object space 87040K, 8% used [0x0000000700000000,0x00000007006fe968,0x0000000705500000)
 Metaspace       used 34230K, capacity 35422K, committed 35496K, reserved 1079296K
  class space    used 4767K, capacity 5063K, committed 5120K, reserved 1048576K
}
Event: 8.150 GC heap before
{Heap before GC invocations=9 (full 2):
 PSYoungGen      total 126464K, used 9397K [0x0000000780000000, 0x0000000788a00000, 0x00000007c0000000)
  eden space 113664K, 0% used [0x0000000780000000,0x0000000780000000,0x0000000786f00000)
  from space 12800K, 73% used [0x0000000786f00000,0x000000078782d5c0,0x0000000787b80000)
  to   space 12800K, 0% used [0x0000000787b80000,0x0000000787b80000,0x0000000788800000)
 ParOldGen       total 87040K, used 7162K [0x0000000700000000, 0x0000000705500000, 0x0000000780000000)
  object space 87040K, 8% used [0x0000000700000000,0x00000007006fe968,0x0000000705500000)
 Metaspace       used 34230K, capacity 35422K, committed 35496K, reserved 1079296K
  class space    used 4767K, capacity 5063K, committed 5120K, reserved 1048576K
Event: 8.178 GC heap after
Heap after GC invocations=9 (full 2):
 PSYoungGen      total 126464K, used 0K [0x0000000780000000, 0x0000000788a00000, 0x00000007c0000000)
  eden space 113664K, 0% used [0x0000000780000000,0x0000000780000000,0x0000000786f00000)
  from space 12800K, 0% used [0x0000000786f00000,0x0000000786f00000,0x0000000787b80000)
  to   space 12800K, 0% used [0x0000000787b80000,0x0000000787b80000,0x0000000788800000)
 ParOldGen       total 120832K, used 16002K [0x0000000700000000, 0x0000000707600000, 0x0000000780000000)
  object space 120832K, 13% used [0x0000000700000000,0x0000000700fa0a98,0x0000000707600000)
 Metaspace       used 34230K, capacity 35422K, committed 35496K, reserved 1079296K
  class space    used 4767K, capacity 5063K, committed 5120K, reserved 1048576K
}
Event: 9.952 GC heap before
{Heap before GC invocations=10 (full 2):
 PSYoungGen      total 126464K, used 113664K [0x0000000780000000, 0x0000000788a00000, 0x00000007c0000000)
  eden space 113664K, 100% used [0x0000000780000000,0x0000000786f00000,0x0000000786f00000)
  from space 12800K, 0% used [0x0000000786f00000,0x0000000786f00000,0x0000000787b80000)
  to   space 12800K, 0% used [0x0000000787b80000,0x0000000787b80000,0x0000000788800000)
 ParOldGen       total 120832K, used 16002K [0x0000000700000000, 0x0000000707600000, 0x0000000780000000)
  object space 120832K, 13% used [0x0000000700000000,0x0000000700fa0a98,0x0000000707600000)
 Metaspace       used 39164K, capacity 40936K, committed 41088K, reserved 1085440K
  class space    used 5583K, capacity 5943K, committed 6016K, reserved 1048576K
Event: 9.957 GC heap after
Heap after GC invocations=10 (full 2):
 PSYoungGen      total 126464K, used 8746K [0x0000000780000000, 0x0000000788a00000, 0x00000007c0000000)
  eden space 113664K, 0% used [0x0000000780000000,0x0000000780000000,0x0000000786f00000)
  from space 12800K, 68% used [0x0000000787b80000,0x000000078840aa20,0x0000000788800000)
  to   space 12800K, 0% used [0x0000000786f00000,0x0000000786f00000,0x0000000787b80000)
 ParOldGen       total 120832K, used 16010K [0x0000000700000000, 0x0000000707600000, 0x0000000780000000)
  object space 120832K, 13% used [0x0000000700000000,0x0000000700fa2a98,0x0000000707600000)
 Metaspace       used 39164K, capacity 40936K, committed 41088K, reserved 1085440K
  class space    used 5583K, capacity 5943K, committed 6016K, reserved 1048576K
}
Event: 12.053 GC heap before
{Heap before GC invocations=11 (full 2):
 PSYoungGen      total 126464K, used 122410K [0x0000000780000000, 0x0000000788a00000, 0x00000007c0000000)
  eden space 113664K, 100% used [0x0000000780000000,0x0000000786f00000,0x0000000786f00000)
  from space 12800K, 68% used [0x0000000787b80000,0x000000078840aa20,0x0000000788800000)
  to   space 12800K, 0% used [0x0000000786f00000,0x0000000786f00000,0x0000000787b80000)
 ParOldGen       total 120832K, used 16010K [0x0000000700000000, 0x0000000707600000, 0x0000000780000000)
  object space 120832K, 13% used [0x0000000700000000,0x0000000700fa2a98,0x0000000707600000)
 Metaspace       used 46781K, capacity 48794K, committed 49024K, reserved 1091584K
  class space    used 6593K, capacity 6970K, committed 7040K, reserved 1048576K
Event: 12.063 GC heap after
Heap after GC invocations=11 (full 2):
 PSYoungGen      total 126464K, used 12793K [0x0000000780000000, 0x0000000788a00000, 0x00000007c0000000)
  eden space 113664K, 0% used [0x0000000780000000,0x0000000780000000,0x0000000786f00000)
  from space 12800K, 99% used [0x0000000786f00000,0x0000000787b7e478,0x0000000787b80000)
  to   space 12800K, 0% used [0x0000000787b80000,0x0000000787b80000,0x0000000788800000)
 ParOldGen       total 120832K, used 18859K [0x0000000700000000, 0x0000000707600000, 0x0000000780000000)
  object space 120832K, 15% used [0x0000000700000000,0x000000070126aca8,0x0000000707600000)
 Metaspace       used 46781K, capacity 48794K, committed 49024K, reserved 1091584K
  class space    used 6593K, capacity 6970K, committed 7040K, reserved 1048576K
}

